<?xml version="1.0" encoding="UTF-8"?>
<!-- Generated by org.testng.reporters.JUnitReportReporter -->
<testsuite skipped="0" hostname="DESKTOP-6THBEBG" name="Com.TCS.WebShop" tests="1" failures="0" timestamp="10 Jan 2025 06:38:14 GMT" time="3.654" errors="0">
  <testcase name="logIn" time="3.654" classname="Com.TCS.WebShop"/>
</testsuite> <!-- Com.TCS.WebShop -->
